<?xml version="1.0" encoding="UTF-8"?>
<!-- Generated by org.testng.reporters.JUnitXMLReporter -->
<testsuite ignored="1" hostname="LAPTOP-7FN51II1" failures="0" tests="5" name="Default test(failed)(failed)" time="0.087" errors="0" timestamp="2025-11-03T22:59:08 IST">
  <testcase classname="application.Name.Test.TestNGConcept2For" name="login" time="0.014"/>
  <testcase classname="application.Name.Test.TestNGConcept2For" name="login" time="0.003"/>
  <testcase classname="application.Name.Test.TestNGConcept2For" name="login" time="0.001"/>
  <testcase classname="application.Name.Test.TestNGConcept2For" name="login" time="0.001"/>
  <testcase classname="application.Name.Test.TestNGConcept2For" name="login" time="0.002"/>
  <testcase classname="application.Name.Test.TestNGConcept2For" name="logout" time="0.0">
    <ignored/>
  </testcase> <!-- logout -->
</testsuite> <!-- Default test(failed)(failed) -->
