<?xml version="1.0" encoding="UTF-8"?>
<!-- Generated by org.testng.reporters.JUnitXMLReporter -->
<testsuite ignored="1" hostname="LAPTOP-7FN51II1" failures="1" tests="1" name="Default test(failed)" time="0.065" errors="0" timestamp="2025-11-03T22:53:41 IST">
  <testcase classname="application.Name.Test.TestNGConcept2For" name="login" time="0.018">
    <failure type="org.testng.internal.reflect.MethodMatcherException" message="
[public void application.Name.Test.TestNGConcept2For.login()] has no parameters defined but was found to be using a data provider (either explicitly specified or inherited from class level annotation).
Data provider mismatch
Method: login([])
Arguments: [(java.lang.String) Phone1,(java.lang.String) Apple,(java.lang.String) 17pro]">
      <![CDATA[org.testng.internal.reflect.MethodMatcherException: 
[public void application.Name.Test.TestNGConcept2For.login()] has no parameters defined but was found to be using a data provider (either explicitly specified or inherited from class level annotation).
Data provider mismatch
Method: login([])
Arguments: [(java.lang.String) Phone1,(java.lang.String) Apple,(java.lang.String) 17pro]
at java.base/java.util.ArrayList.forEach(ArrayList.java:1596)
... Removed 22 stack frames]]>
    </failure>
  </testcase> <!-- login -->
  <testcase classname="application.Name.Test.TestNGConcept2For" name="logout" time="0.0">
    <ignored/>
  </testcase> <!-- logout -->
</testsuite> <!-- Default test(failed) -->
