<?xml version="1.0" encoding="UTF-8"?>
<!-- Generated by org.testng.reporters.JUnitXMLReporter -->
<testsuite ignored="0" hostname="LAPTOP-F4V0MLOQ" failures="1" tests="3" name="Test" time="14.001" errors="0" timestamp="2025-10-28T21:05:36 IST">
  <testcase classname="task_OrangeHRM.OrangeHRMTest" name="loginWithInvalidCredentials" time="3.382"/>
  <testcase classname="task_OrangeHRM.OrangeHRMTest" name="loginWithValidCredentials" time="3.308">
    <failure type="java.lang.AssertionError" message="expected [Dash board] but found [Dashboard]">
      <![CDATA[java.lang.AssertionError: expected [Dash board] but found [Dashboard]
at task_OrangeHRM.OrangeHRMTest.loginWithValidCredentials(OrangeHRMTest.java:38)
at java.base/java.util.ArrayList.forEach(ArrayList.java:1511)
... Removed 33 stack frames]]>
    </failure>
  </testcase> <!-- loginWithValidCredentials -->
  <testcase classname="task_OrangeHRM.OrangeHRMTest" name="verifyLogoinDashBoardPage" time="0.0">
    <skipped/>
  </testcase> <!-- verifyLogoinDashBoardPage -->
</testsuite> <!-- Test -->
