<?xml version="1.0" encoding="UTF-8"?>
<!-- Generated by org.testng.reporters.JUnitXMLReporter -->
<testsuite ignored="0" hostname="LAPTOP-7FN51II1" failures="0" tests="10" name="Test" time="0.192" errors="0" timestamp="2025-11-11T09:46:37 IST">
  <testcase classname="application.Name.Test.TestNGConcept" name="signUp" time="0.017"/>
  <testcase classname="application.Name.Test.TestNGConcept" name="signUp" time="0.004"/>
  <testcase classname="application.Name.Test.TestNGConcept" name="signUp" time="0.002"/>
  <testcase classname="application.Name.Test.TestNGConcept" name="signUp" time="0.004"/>
  <testcase classname="application.Name.Test.TestNGConcept" name="signUp" time="0.002"/>
  <testcase classname="application.Name.Test.TestNGConcept" name="signUps" time="0.005"/>
  <testcase classname="application.Name.Test.TestNGConcept" name="signUps" time="0.004"/>
  <testcase classname="application.Name.Test.TestNGConcept" name="signUps" time="0.002"/>
  <testcase classname="application.Name.Test.TestNGConcept" name="signUps" time="0.002"/>
  <testcase classname="application.Name.Test.TestNGConcept" name="signUps" time="0.002"/>
</testsuite> <!-- Test -->
