<?xml version="1.0" encoding="UTF-8"?>
<!-- Generated by org.testng.reporters.JUnitXMLReporter -->
<testsuite ignored="0" hostname="LAPTOP-F4V0MLOQ" failures="0" tests="4" name="Default test" time="10.599" errors="0" timestamp="2025-10-27T08:39:20 IST">
  <testcase classname="testautoprac.HomePageTest" name="enterTextBoxValues" time="0.657"/>
  <testcase classname="testautoprac.HomePageTest" name="enterRadioCheckBoxValues" time="0.98"/>
  <testcase classname="testautoprac.HomePageTest" name="acceptAlert" time="0.186"/>
  <testcase classname="testautoprac.HomePageTest" name="CheckTable" time="0.052"/>
</testsuite> <!-- Default test -->
