<?xml version="1.0" encoding="UTF-8"?>
<!-- Generated by org.testng.reporters.JUnitReportReporter -->
<testsuite hostname="LAPTOP-7FN51II1" failures="0" tests="6" name="application.Name.Test.TestNGConcept2For" time="0.017" errors="0" timestamp="2025-11-29T13:52:13 IST" skipped="0">
  <testcase classname="application.Name.Test.TestNGConcept2For" name="logout" time="0.005"/>
  <testcase classname="application.Name.Test.TestNGConcept2For" name="login" time="0.004"/>
  <testcase classname="application.Name.Test.TestNGConcept2For" name="login" time="0.002"/>
  <testcase classname="application.Name.Test.TestNGConcept2For" name="login" time="0.002"/>
  <testcase classname="application.Name.Test.TestNGConcept2For" name="login" time="0.002"/>
  <testcase classname="application.Name.Test.TestNGConcept2For" name="login" time="0.002"/>
</testsuite> <!-- application.Name.Test.TestNGConcept2For -->
