<?xml version="1.0" encoding="UTF-8"?>
<!-- Generated by org.testng.reporters.JUnitReportReporter -->
<testsuite hostname="LAPTOP-7FN51II1" failures="0" tests="2" name="application.Name.Test.LoginPage2ndTest" time="10.272" errors="0" timestamp="2025-11-29T13:52:13 IST" skipped="0">
  <testcase classname="application.Name.Test.LoginPage2ndTest" name="checkSignUpWIthValidCredentials" time="4.871"/>
  <testcase classname="application.Name.Test.LoginPage2ndTest" name="checkLoginWithValidCredentials" time="5.401"/>
</testsuite> <!-- application.Name.Test.LoginPage2ndTest -->
