<?xml version="1.0" encoding="UTF-8"?>
<!-- Generated by org.testng.reporters.JUnitXMLReporter -->
<testsuite ignored="0" hostname="LAPTOP-7FN51II1" failures="0" tests="20" name="Default test" time="64.267" errors="0" timestamp="2025-11-29T13:52:12 IST">
  <testcase classname="application.Name.Test.HomePage1Test" name="signUpOrLoginBtnLink" time="2.77"/>
  <testcase classname="application.Name.Test.TestNGConcept" name="signUp" time="0.007"/>
  <testcase classname="application.Name.Test.TestNGConcept" name="signUp" time="0.002"/>
  <testcase classname="application.Name.Test.TestNGConcept" name="signUp" time="0.002"/>
  <testcase classname="application.Name.Test.TestNGConcept" name="signUp" time="0.005"/>
  <testcase classname="application.Name.Test.TestNGConcept" name="signUp" time="0.002"/>
  <testcase classname="application.Name.Test.TestNGConcept" name="signUps" time="0.006"/>
  <testcase classname="application.Name.Test.TestNGConcept" name="signUps" time="0.002"/>
  <testcase classname="application.Name.Test.TestNGConcept" name="signUps" time="0.005"/>
  <testcase classname="application.Name.Test.TestNGConcept" name="signUps" time="0.002"/>
  <testcase classname="application.Name.Test.TestNGConcept" name="signUps" time="0.002"/>
  <testcase classname="application.Name.Test.TestNGConcept2For" name="login" time="0.004"/>
  <testcase classname="application.Name.Test.TestNGConcept2For" name="login" time="0.002"/>
  <testcase classname="application.Name.Test.TestNGConcept2For" name="login" time="0.002"/>
  <testcase classname="application.Name.Test.TestNGConcept2For" name="login" time="0.002"/>
  <testcase classname="application.Name.Test.TestNGConcept2For" name="login" time="0.002"/>
  <testcase classname="application.Name.Test.TestNGConcept2For" name="logout" time="0.005"/>
  <testcase classname="application.Name.Test.LoginPage2ndTest" name="checkLoginWithValidCredentials" time="1.577"/>
  <testcase classname="application.Name.Test.LoginPage2ndTest" name="checkSignUpWIthValidCredentials" time="3.608"/>
  <testcase classname="application.Name.Test.Cartpagetest" name="ClickOnCartLinks" time="1.813"/>
</testsuite> <!-- Default test -->
