<?xml version="1.0" encoding="UTF-8"?>
<!-- Generated by org.testng.reporters.JUnitXMLReporter -->
<testsuite ignored="0" hostname="LAPTOP-F4V0MLOQ" failures="0" tests="4" name="Test" time="11.455" errors="0" timestamp="2025-10-27T08:37:03 IST">
  <testcase classname="testautoprac.HomePageTest" name="enterTextBoxValues" time="0.673"/>
  <testcase classname="testautoprac.HomePageTest" name="enterRadioCheckBoxValues" time="0.98"/>
  <testcase classname="testautoprac.HomePageTest" name="acceptAlert" time="0.184"/>
  <testcase classname="testautoprac.HomePageTest" name="CheckTable" time="0.071"/>
</testsuite> <!-- Test -->
