<?xml version="1.0" encoding="UTF-8"?>
<testng-results ignored="0" total="1" passed="1" failed="0" skipped="0">
  <reporter-output>
  </reporter-output>
  <suite started-at="2025-11-29T14:01:16 IST" name="Default suite" finished-at="2025-11-29T14:01:31 IST" duration-ms="14484">
    <groups>
    </groups>
    <test started-at="2025-11-29T14:01:16 IST" name="Default test" finished-at="2025-11-29T14:01:31 IST" duration-ms="14484">
      <class name="aPOMTestFolder.Hometest">
        <test-method is-config="true" signature="openBrowser()[pri:0, instance:aPOMTestFolder.Hometest@7d20d0b]" started-at="2025-11-29T14:01:16 IST" name="openBrowser" finished-at="2025-11-29T14:01:18 IST" duration-ms="2313" status="PASS">
          <reporter-output>
          </reporter-output>
        </test-method> <!-- openBrowser -->
        <test-method is-config="true" signature="launchaAndNavigateUrlPage()[pri:0, instance:aPOMTestFolder.Hometest@7d20d0b]" started-at="2025-11-29T14:01:18 IST" name="launchaAndNavigateUrlPage" finished-at="2025-11-29T14:01:20 IST" duration-ms="1916" status="PASS">
          <reporter-output>
          </reporter-output>
        </test-method> <!-- launchaAndNavigateUrlPage -->
        <test-method signature="productSearchBox()[pri:0, instance:aPOMTestFolder.Hometest@7d20d0b]" started-at="2025-11-29T14:01:20 IST" name="productSearchBox" description="DemoTest id : 12345" finished-at="2025-11-29T14:01:22 IST" duration-ms="1855" status="PASS">
          <reporter-output>
          </reporter-output>
        </test-method> <!-- productSearchBox -->
        <test-method is-config="true" signature="closeTheUrl()[pri:0, instance:aPOMTestFolder.Hometest@7d20d0b]" started-at="2025-11-29T14:01:22 IST" name="closeTheUrl" finished-at="2025-11-29T14:01:25 IST" duration-ms="3011" status="PASS">
          <reporter-output>
          </reporter-output>
        </test-method> <!-- closeTheUrl -->
        <test-method is-config="true" signature="quiteBrowser()[pri:0, instance:aPOMTestFolder.Hometest@7d20d0b]" started-at="2025-11-29T14:01:25 IST" name="quiteBrowser" finished-at="2025-11-29T14:01:31 IST" duration-ms="5347" status="PASS">
          <reporter-output>
          </reporter-output>
        </test-method> <!-- quiteBrowser -->
      </class> <!-- aPOMTestFolder.Hometest -->
    </test> <!-- Default test -->
  </suite> <!-- Default suite -->
</testng-results>
